<?xml version="1.0" encoding="UTF-8"?>
<!-- Generated by org.testng.reporters.JUnitXMLReporter -->
<testsuite hostname="pc-PC" name="Default test" tests="4" failures="0" timestamp="6 May 2016 00:25:34 GMT" time="0.296" errors="0">
  <testcase name="testLoginService" time="0.232" classname="com.services.ServicesTestClass"/>
  <testcase name="testLoginService" time="0.014" classname="com.services.ServicesTestClass"/>
  <testcase name="testLoginService" time="0.018" classname="com.services.ServicesTestClass"/>
  <testcase name="testLoginService" time="0.012" classname="com.services.ServicesTestClass"/>
</testsuite> <!-- Default test -->
